生成启动时间为 2017/9/19 17:26:42。
     1>项目“C:\Users\Zhou\Desktop\总\自由程序\Toli-Kinect\Kinect_Toli-170906可用\Toli\Toli\Toli.vcxproj”在节点 2 上(Build 个目标)。
     1>ClCompile:
         D:\Program Files\vs2012\VC\bin\CL.exe /c /ZI /nologo /W3 /WX- /sdl /Od /Oy- /D WIN32 /D _DEBUG /D _WINDOWS /D _UNICODE /D UNICODE /Gm /EHsc /RTC1 /MDd /GS /fp:precise /Zc:wchar_t /Zc:forScope /Yc"stdafx.h" /Fp"Debug\Toli.pch" /Fo"Debug\\" /Fd"Debug\vc110.pdb" /Gd /TP /analyze- /errorReport:prompt stdafx.cpp
         stdafx.cpp
         D:\Program Files\vs2012\VC\bin\CL.exe /c /ZI /nologo /W3 /WX- /sdl /Od /Oy- /D WIN32 /D _DEBUG /D _WINDOWS /D _UNICODE /D UNICODE /Gm /EHsc /RTC1 /MDd /GS /fp:precise /Zc:wchar_t /Zc:forScope /Yu"stdafx.h" /Fp"Debug\Toli.pch" /Fo"Debug\\" /Fd"Debug\vc110.pdb" /Gd /TP /analyze- /errorReport:prompt draw.cpp eye.cpp space.cpp Toli.cpp
         Toli.cpp
         space.cpp
         eye.cpp
         draw.cpp
         正在生成代码...
       ResourceCompile:
         C:\Program Files (x86)\Windows Kits\8.0\bin\x86\rc.exe /D _UNICODE /D UNICODE /l"0x0409" /nologo /fo"Debug\Toli.res" Toli.rc 
       Link:
         D:\Program Files\vs2012\VC\bin\link.exe /ERRORREPORT:PROMPT /OUT:"C:\Users\Zhou\Desktop\总\自由程序\Toli-Kinect\Kinect_Toli-170906可用\Toli\Debug\Toli.exe" /INCREMENTAL /NOLOGO kernel32.lib user32.lib gdi32.lib winspool.lib comdlg32.lib advapi32.lib shell32.lib ole32.lib oleaut32.lib uuid.lib odbc32.lib odbccp32.lib /MANIFEST /MANIFESTUAC:"level='asInvoker' uiAccess='false'" /manifest:embed /DEBUG /PDB:"C:\Users\Zhou\Desktop\总\自由程序\Toli-Kinect\Kinect_Toli-170906可用\Toli\Debug\Toli.pdb" /SUBSYSTEM:WINDOWS /TLBID:1 /DYNAMICBASE /NXCOMPAT /IMPLIB:"C:\Users\Zhou\Desktop\总\自由程序\Toli-Kinect\Kinect_Toli-170906可用\Toli\Debug\Toli.lib" /MACHINE:X86 Debug\Toli.res
         Debug\draw.obj
         Debug\eye.obj
         Debug\space.obj
         Debug\stdafx.obj
         Debug\Toli.obj
         Toli.vcxproj -> C:\Users\Zhou\Desktop\总\自由程序\Toli-Kinect\Kinect_Toli-170906可用\Toli\Debug\Toli.exe
     1>已完成生成项目“C:\Users\Zhou\Desktop\总\自由程序\Toli-Kinect\Kinect_Toli-170906可用\Toli\Toli\Toli.vcxproj”(Build 个目标)的操作。

生成成功。

已用时间 00:00:05.83
