生成启动时间为 2016/5/18 11:25:27。
     1>项目“C:\Users\Joe_Quan\Desktop\Source code\Projeect3\Projeect3.vcxproj”在节点 2 上(Build 个目标)。
     1>ClCompile:
         D:\Microsoft Visual Studio 12.0\VC\bin\x86_amd64\CL.exe /c /Zi /nologo /W3 /WX- /Od /D WIN32 /D _DEBUG /D _CONSOLE /D _UNICODE /D UNICODE /Gm- /EHsc /RTC1 /MDd /GS /fp:precise /Zc:wchar_t /Zc:forScope /Yc"stdafx.h" /Fp"x64\Debug\Stereo Vision.pch" /Fo"x64\Debug\\" /Fd"x64\Debug\vc120.pdb" /Gd /TP /errorReport:prompt stdafx.cpp
         stdafx.cpp
         D:\Microsoft Visual Studio 12.0\VC\bin\x86_amd64\CL.exe /c /Zi /nologo /W3 /WX- /Od /D WIN32 /D _DEBUG /D _CONSOLE /D _UNICODE /D UNICODE /Gm- /EHsc /RTC1 /MDd /GS /fp:precise /Zc:wchar_t /Zc:forScope /Yu"stdafx.h" /Fp"x64\Debug\Stereo Vision.pch" /Fo"x64\Debug\\" /Fd"x64\Debug\vc120.pdb" /Gd /TP /errorReport:prompt Interpolation.cpp StereoFunctions.cpp StereoGrabber.cpp StereoMain.cpp
         Interpolation.cpp
         StereoFunctions.cpp
     1>d:\opencv\opencv\build\include\opencv2\flann\logger.h(66): warning C4996: 'fopen': This function or variable may be unsafe. Consider using fopen_s instead. To disable deprecation, use _CRT_SECURE_NO_WARNINGS. See online help for details.
                 D:\Microsoft Visual Studio 12.0\VC\include\stdio.h(211) : 参见“fopen”的声明
     1>D:\opencv\opencv\build\include\opencv2/legacy/blobtrack.hpp(187): warning C4996: 'strcpy': This function or variable may be unsafe. Consider using strcpy_s instead. To disable deprecation, use _CRT_SECURE_NO_WARNINGS. See online help for details.
                 D:\Microsoft Visual Studio 12.0\VC\include\string.h(112) : 参见“strcpy”的声明
     1>D:\opencv\opencv\build\include\opencv2/legacy/blobtrack.hpp(256): warning C4996: 'strcat': This function or variable may be unsafe. Consider using strcat_s instead. To disable deprecation, use _CRT_SECURE_NO_WARNINGS. See online help for details.
                 D:\Microsoft Visual Studio 12.0\VC\include\string.h(118) : 参见“strcat”的声明
     1>StereoFunctions.cpp(24): warning C4244: “参数”: 从“float”转换到“int”，可能丢失数据
     1>StereoFunctions.cpp(253): warning C4996: 'fopen': This function or variable may be unsafe. Consider using fopen_s instead. To disable deprecation, use _CRT_SECURE_NO_WARNINGS. See online help for details.
                 D:\Microsoft Visual Studio 12.0\VC\include\stdio.h(211) : 参见“fopen”的声明
     1>StereoFunctions.cpp(334): warning C4267: “=”: 从“size_t”转换到“int”，可能丢失数据
     1>StereoFunctions.cpp(342): warning C4267: “=”: 从“size_t”转换到“int”，可能丢失数据
     1>StereoFunctions.cpp(385): warning C4267: “参数”: 从“size_t”转换到“int”，可能丢失数据
         StereoGrabber.cpp
     1>d:\opencv\opencv\build\include\opencv2\flann\logger.h(66): warning C4996: 'fopen': This function or variable may be unsafe. Consider using fopen_s instead. To disable deprecation, use _CRT_SECURE_NO_WARNINGS. See online help for details.
                 D:\Microsoft Visual Studio 12.0\VC\include\stdio.h(211) : 参见“fopen”的声明
     1>D:\opencv\opencv\build\include\opencv2/legacy/blobtrack.hpp(187): warning C4996: 'strcpy': This function or variable may be unsafe. Consider using strcpy_s instead. To disable deprecation, use _CRT_SECURE_NO_WARNINGS. See online help for details.
                 D:\Microsoft Visual Studio 12.0\VC\include\string.h(112) : 参见“strcpy”的声明
     1>D:\opencv\opencv\build\include\opencv2/legacy/blobtrack.hpp(256): warning C4996: 'strcat': This function or variable may be unsafe. Consider using strcat_s instead. To disable deprecation, use _CRT_SECURE_NO_WARNINGS. See online help for details.
                 D:\Microsoft Visual Studio 12.0\VC\include\string.h(118) : 参见“strcat”的声明
         StereoMain.cpp
         正在生成代码...
     1>c:\users\joe_quan\desktop\source code\projeect3\interpolation.cpp(92): warning C4715: “Interpolation::result”: 不是所有的控件路径都返回值
       Link:
         D:\Microsoft Visual Studio 12.0\VC\bin\x86_amd64\link.exe /ERRORREPORT:PROMPT /OUT:"C:\Users\Joe_Quan\Desktop\Source code\x64\Debug\Stereo Vision.exe" /INCREMENTAL /NOLOGO cvblobslib.lib opencv_ml249d.lib opencv_calib3d249d.lib opencv_contrib249d.lib opencv_core249d.lib opencv_features2d249d.lib opencv_flann249d.lib opencv_gpu249d.lib opencv_highgui249d.lib opencv_imgproc249d.lib opencv_legacy249d.lib opencv_objdetect249d.lib opencv_ts249d.lib opencv_video249d.lib opencv_nonfree249d.lib opencv_ocl249d.lib opencv_photo249d.lib opencv_stitching249d.lib opencv_superres249d.lib opencv_videostab249d.lib kernel32.lib user32.lib gdi32.lib winspool.lib comdlg32.lib advapi32.lib shell32.lib ole32.lib oleaut32.lib uuid.lib odbc32.lib odbccp32.lib /MANIFEST /MANIFESTUAC:"level='asInvoker' uiAccess='false'" /manifest:embed /DEBUG /PDB:"C:\Users\Joe_Quan\Desktop\Source code\x64\Debug\Stereo Vision.pdb" /SUBSYSTEM:CONSOLE /TLBID:1 /DYNAMICBASE /NXCOMPAT /IMPLIB:"C:\Users\Joe_Quan\Desktop\Source code\x64\Debug\Stereo Vision.lib" /MACHINE:X64 x64\Debug\Interpolation.obj
         x64\Debug\stdafx.obj
         x64\Debug\StereoFunctions.obj
         x64\Debug\StereoGrabber.obj
         x64\Debug\StereoMain.obj
         Projeect3.vcxproj -> C:\Users\Joe_Quan\Desktop\Source code\x64\Debug\Stereo Vision.exe
     1>已完成生成项目“C:\Users\Joe_Quan\Desktop\Source code\Projeect3\Projeect3.vcxproj”(Build 个目标)的操作。

生成成功。

已用时间 00:00:03.87
