C:\USERS\ZHOU\DESKTOP\TOLI\TOLI\TOLI\DEBUG\TOLI.PCH
C:\USERS\ZHOU\DESKTOP\TOLI\TOLI\TOLI\DEBUG\STDAFX.OBJ
C:\USERS\ZHOU\DESKTOP\TOLI\TOLI\TOLI\DEBUG\VC110.PDB
C:\USERS\ZHOU\DESKTOP\TOLI\TOLI\TOLI\DEBUG\DRAW.OBJ
C:\USERS\ZHOU\DESKTOP\TOLI\TOLI\TOLI\DEBUG\SPACE.OBJ
C:\USERS\ZHOU\DESKTOP\TOLI\TOLI\TOLI\DEBUG\TOLI.OBJ
C:\USERS\ZHOU\DESKTOP\TOLI\TOLI\TOLI\DEBUG\UART.OBJ
C:\USERS\ZHOU\DESKTOP\TOLI\TOLI\TOLI\DEBUG\EYE.OBJ
C:\USERS\ZHOU\DESKTOP\TOLI\TOLI\DEBUG\TOLI.ILK
C:\USERS\ZHOU\DESKTOP\TOLI\TOLI\DEBUG\TOLI.EXE
C:\USERS\ZHOU\DESKTOP\TOLI\TOLI\DEBUG\TOLI.PDB
C:\USERS\ZHOU\DESKTOP\TOLI\TOLI\TOLI\DEBUG\TOLI.RES
C:\Users\Zhou\Desktop\Toli\Toli\Toli\Debug\draw.obj
C:\Users\Zhou\Desktop\Toli\Toli\Toli\Debug\eye.obj
C:\Users\Zhou\Desktop\Toli\Toli\Toli\Debug\space.obj
C:\Users\Zhou\Desktop\Toli\Toli\Toli\Debug\stdafx.obj
C:\Users\Zhou\Desktop\Toli\Toli\Toli\Debug\Toli.obj
C:\Users\Zhou\Desktop\Toli\Toli\Toli\Debug\uart.obj
C:\Users\Zhou\Desktop\Toli\Toli\Toli\Debug\cl.command.1.tlog
C:\Users\Zhou\Desktop\Toli\Toli\Toli\Debug\CL.read.1.tlog
C:\Users\Zhou\Desktop\Toli\Toli\Toli\Debug\CL.write.1.tlog
C:\Users\Zhou\Desktop\Toli\Toli\Toli\Debug\link-cvtres.read.1.tlog
C:\Users\Zhou\Desktop\Toli\Toli\Toli\Debug\link-cvtres.write.1.tlog
C:\Users\Zhou\Desktop\Toli\Toli\Toli\Debug\link-rc.read.1.tlog
C:\Users\Zhou\Desktop\Toli\Toli\Toli\Debug\link-rc.write.1.tlog
C:\Users\Zhou\Desktop\Toli\Toli\Toli\Debug\link.command.1.tlog
C:\Users\Zhou\Desktop\Toli\Toli\Toli\Debug\link.read.1.tlog
C:\Users\Zhou\Desktop\Toli\Toli\Toli\Debug\link.write.1.tlog
C:\Users\Zhou\Desktop\Toli\Toli\Toli\Debug\rc.command.1.tlog
C:\Users\Zhou\Desktop\Toli\Toli\Toli\Debug\rc.read.1.tlog
C:\Users\Zhou\Desktop\Toli\Toli\Toli\Debug\rc.write.1.tlog
C:\Users\Zhou\Desktop\Toli\Toli\Toli\Debug\Toli.res
C:\Users\Zhou\Desktop\Toli\Toli\Toli\Debug\Toli.pch
C:\Users\Zhou\Desktop\Toli\Toli\Toli\Debug\vc110.idb
C:\Users\Zhou\Desktop\Toli\Toli\Toli\Debug\vc110.pdb
C:\Users\Zhou\Desktop\Toli\Toli\Debug\Toli.pdb
C:\Users\Zhou\Desktop\Toli\Toli\Debug\Toli.exe
C:\Users\Zhou\Desktop\Toli\Toli\Debug\Toli.ilk
